TN:
SF:node_modules/@openzeppelin/contracts/utils/Address.sol
DA:33,0
FN:33,Address.sendValue
FNDA:0,Address.sendValue
DA:34,0
BRDA:34,0,0,-
DA:35,0
DA:38,0
DA:39,0
BRDA:39,1,0,-
DA:40,0
DA:62,0
FN:62,Address.functionCall
FNDA:0,Address.functionCall
DA:63,0
DA:75,0
FN:75,Address.functionCallWithValue
FNDA:0,Address.functionCallWithValue
DA:76,0
BRDA:76,2,0,-
DA:77,0
DA:79,0
DA:80,0
DA:87,0
FN:87,Address.functionStaticCall
FNDA:0,Address.functionStaticCall
DA:88,0
DA:89,0
DA:96,0
FN:96,Address.functionDelegateCall
FNDA:0,Address.functionDelegateCall
DA:97,0
DA:98,0
DA:106,0
FN:106,Address.verifyCallResultFromTarget
FNDA:0,Address.verifyCallResultFromTarget
DA:111,0
BRDA:111,3,0,-
BRDA:111,3,1,-
DA:112,0
DA:116,0
BRDA:116,4,0,-
DA:117,0
DA:119,0
DA:127,0
FN:127,Address.verifyCallResult
FNDA:0,Address.verifyCallResult
DA:128,0
BRDA:128,5,0,-
BRDA:128,5,1,-
DA:129,0
DA:131,0
DA:138,0
FN:138,Address._revert
FNDA:0,Address._revert
DA:140,0
BRDA:140,6,0,-
BRDA:140,6,1,-
DA:143,0
DA:144,0
DA:147,0
FNF:8
FNH:0
LF:34
LH:0
BRF:10
BRH:0
end_of_record
TN:
SF:script/Counter.s.sol
DA:10,0
FN:10,CounterScript.setUp
FNDA:0,CounterScript.setUp
DA:12,0
FN:12,CounterScript.run
FNDA:0,CounterScript.run
DA:13,0
DA:15,0
DA:17,0
FNF:2
FNH:0
LF:5
LH:0
BRF:0
BRH:0
end_of_record
TN:
SF:src/1.Deposit.sol
DA:11,115020
FN:11,Deposit.deposit
FNDA:115020,Deposit.deposit
DA:12,115020
DA:16,115210
FN:16,Deposit.withdraw
FNDA:115210,Deposit.withdraw
DA:17,115210
DA:18,115210
DA:19,115210
DA:20,115210
BRDA:20,0,0,55
BRDA:20,0,1,115155
FNF:2
FNH:2
LF:7
LH:7
BRF:2
BRH:2
end_of_record
TN:
SF:src/2.SideEntranceLenderPool.sol
DA:23,0
FN:23,SideEntranceLenderPool.constructor
FNDA:0,SideEntranceLenderPool.constructor
DA:24,0
DA:27,0
FN:27,SideEntranceLenderPool.deposit
FNDA:0,SideEntranceLenderPool.deposit
DA:28,0
DA:31,0
FN:31,SideEntranceLenderPool.withdraw
FNDA:0,SideEntranceLenderPool.withdraw
DA:32,0
DA:33,0
DA:34,0
DA:37,0
FN:37,SideEntranceLenderPool.flashLoan
FNDA:0,SideEntranceLenderPool.flashLoan
DA:38,0
DA:39,0
BRDA:39,0,0,-
BRDA:39,0,1,-
DA:41,0
DA:43,0
BRDA:43,1,0,-
BRDA:43,1,1,-
FNF:4
FNH:0
LF:13
LH:0
BRF:4
BRH:0
end_of_record
TN:
SF:src/3.WETH9.sol
DA:31,61783
FN:31,WETH9.fallback
FNDA:61783,WETH9.fallback
DA:32,61783
DA:40,226803
FN:40,WETH9.deposit
FNDA:226803,WETH9.deposit
DA:41,288586
DA:42,288586
DA:45,6569
FN:45,WETH9.withdraw
FNDA:6569,WETH9.withdraw
DA:46,6569
BRDA:46,0,0,-
BRDA:46,0,1,6569
DA:47,6569
DA:48,6569
DA:49,6569
DA:52,0
FN:52,WETH9.totalSupply
FNDA:0,WETH9.totalSupply
DA:53,0
DA:56,0
FN:56,WETH9.approve
FNDA:0,WETH9.approve
DA:57,0
DA:58,0
DA:59,0
DA:62,0
FN:62,WETH9.transfer
FNDA:0,WETH9.transfer
DA:63,0
DA:66,0
FN:66,WETH9.transferFrom
FNDA:0,WETH9.transferFrom
DA:67,0
BRDA:67,1,0,-
BRDA:67,1,1,-
DA:69,0
BRDA:69,2,0,-
DA:70,0
BRDA:70,3,0,-
BRDA:70,3,1,-
DA:71,0
DA:74,0
DA:75,0
DA:77,0
DA:79,0
FNF:7
FNH:3
LF:27
LH:10
BRF:7
BRH:1
end_of_record
TN:
SF:test/2.SideEntranceLenderPool.t.sol
DA:14,0
FN:14,InvariantSideEntranceLenderPool.setUp
FNDA:0,InvariantSideEntranceLenderPool.setUp
DA:16,0
DA:19,0
DA:22,0
FNF:1
FNH:0
LF:4
LH:0
BRF:0
BRH:0
end_of_record
TN:
SF:test/handler/WETH9Handler.sol
DA:23,2
FN:23,Handler.constructor
FNDA:2,Handler.constructor
DA:24,2
DA:26,2
DA:38,226803
FN:38,Handler.deposit
FNDA:226803,Handler.deposit
DA:41,226803
DA:43,226803
DA:45,226803
DA:47,226803
DA:49,226803
DA:52,226878
FN:52,Handler.withdraw
FNDA:226878,Handler.withdraw
DA:56,226878
DA:57,226878
DA:58,6569
DA:63,6569
DA:64,6569
DA:65,6569
DA:66,6569
DA:68,6569
DA:73,227088
FN:73,Handler.sendFallback
FNDA:227088,Handler.sendFallback
DA:75,227088
DA:77,227088
BRDA:77,0,0,165346
DA:78,165346
DA:80,61742
DA:81,61742
DA:83,61742
DA:84,61742
DA:86,61742
BRDA:86,1,0,-
BRDA:86,1,1,61742
DA:87,61742
DA:91,295114
FN:91,Handler._pay
FNDA:295114,Handler._pay
DA:94,295114
DA:95,295114
BRDA:95,2,0,-
BRDA:95,2,1,295114
FNF:5
FNH:5
LF:31
LH:31
BRF:5
BRH:3
end_of_record
TN:
SF:test/handler/handler.sol
DA:13,0
FN:13,Handler.constructor
FNDA:0,Handler.constructor
DA:15,0
DA:18,0
DA:24,0
FN:24,Handler.execute
FNDA:0,Handler.execute
DA:25,0
DA:26,0
DA:31,0
FN:31,Handler.withdraw
FNDA:0,Handler.withdraw
DA:32,0
BRDA:32,0,0,-
DA:35,0
FN:35,Handler.flashLoan
FNDA:0,Handler.flashLoan
DA:36,0
FNF:4
FNH:0
LF:10
LH:0
BRF:1
BRH:0
end_of_record
